{"C:\\Users\\olfam\\OneDrive\\Documents\\ToDoListApp\\todoList_backend\\app.js": {"path":"C:\\Users\\olfam\\OneDrive\\Documents\\ToDoListApp\\todoList_backend\\app.js","statementMap":{"0":{"start":{"line":3,"column":16},"end":{"line":3,"column":34}},"1":{"start":{"line":4,"column":13},"end":{"line":4,"column":28}},"2":{"start":{"line":5,"column":13},"end":{"line":5,"column":28}},"3":{"start":{"line":6,"column":21},"end":{"line":6,"column":45}},"4":{"start":{"line":7,"column":18},"end":{"line":7,"column":47}},"5":{"start":{"line":8,"column":18},"end":{"line":8,"column":47}},"6":{"start":{"line":9,"column":18},"end":{"line":9,"column":47}},"7":{"start":{"line":12,"column":24},"end":{"line":12,"column":49}},"8":{"start":{"line":13,"column":20},"end":{"line":13,"column":45}},"9":{"start":{"line":15,"column":12},"end":{"line":15,"column":21}},"10":{"start":{"line":20,"column":16},"end":{"line":23,"column":2}},"11":{"start":{"line":28,"column":0},"end":{"line":28,"column":24}},"12":{"start":{"line":29,"column":0},"end":{"line":29,"column":49}},"13":{"start":{"line":30,"column":0},"end":{"line":30,"column":24}},"14":{"start":{"line":31,"column":0},"end":{"line":31,"column":16}},"15":{"start":{"line":32,"column":0},"end":{"line":32,"column":17}},"16":{"start":{"line":35,"column":0},"end":{"line":40,"column":3}},"17":{"start":{"line":36,"column":2},"end":{"line":36,"column":49}},"18":{"start":{"line":37,"column":2},"end":{"line":37,"column":87}},"19":{"start":{"line":38,"column":2},"end":{"line":38,"column":76}},"20":{"start":{"line":39,"column":2},"end":{"line":39,"column":9}},"21":{"start":{"line":43,"column":0},"end":{"line":43,"column":69}},"22":{"start":{"line":48,"column":0},"end":{"line":56,"column":2}},"23":{"start":{"line":61,"column":0},"end":{"line":61,"column":32}},"24":{"start":{"line":66,"column":0},"end":{"line":70,"column":3}},"25":{"start":{"line":67,"column":2},"end":{"line":69,"column":5}},"26":{"start":{"line":72,"column":0},"end":{"line":80,"column":4}},"27":{"start":{"line":82,"column":0},"end":{"line":82,"column":21}}},"fnMap":{"0":{"name":"(anonymous_0)","decl":{"start":{"line":35,"column":8},"end":{"line":35,"column":9}},"loc":{"start":{"line":35,"column":28},"end":{"line":40,"column":1}},"line":35},"1":{"name":"(anonymous_1)","decl":{"start":{"line":66,"column":8},"end":{"line":66,"column":9}},"loc":{"start":{"line":66,"column":22},"end":{"line":70,"column":1}},"line":66}},"branchMap":{},"s":{"0":1,"1":1,"2":1,"3":1,"4":1,"5":1,"6":1,"7":1,"8":1,"9":1,"10":1,"11":1,"12":1,"13":1,"14":1,"15":1,"16":1,"17":1,"18":1,"19":1,"20":1,"21":1,"22":1,"23":1,"24":1,"25":1,"26":1,"27":1},"f":{"0":1,"1":1},"b":{},"_coverageSchema":"1a1c01bbd47fc00a2c39e90264f33305004495a9","hash":"814149761e945eb3823773e427bad521cc6c6cb1"}
,"C:\\Users\\olfam\\OneDrive\\Documents\\ToDoListApp\\todoList_backend\\api\\v1.0\\categories\\Categories.controllers.js": {"path":"C:\\Users\\olfam\\OneDrive\\Documents\\ToDoListApp\\todoList_backend\\api\\v1.0\\categories\\Categories.controllers.js","statementMap":{"0":{"start":{"line":1,"column":11},"end":{"line":1,"column":37}},"1":{"start":{"line":2,"column":24},"end":{"line":2,"column":37}},"2":{"start":{"line":3,"column":22},"end":{"line":3,"column":49}},"3":{"start":{"line":4,"column":33},"end":{"line":4,"column":72}},"4":{"start":{"line":5,"column":27},"end":{"line":5,"column":64}},"5":{"start":{"line":10,"column":0},"end":{"line":28,"column":2}},"6":{"start":{"line":11,"column":2},"end":{"line":27,"column":3}},"7":{"start":{"line":12,"column":17},"end":{"line":12,"column":55}},"8":{"start":{"line":15,"column":23},"end":{"line":15,"column":54}},"9":{"start":{"line":16,"column":4},"end":{"line":16,"column":72}},"10":{"start":{"line":18,"column":24},"end":{"line":18,"column":50}},"11":{"start":{"line":19,"column":4},"end":{"line":19,"column":64}},"12":{"start":{"line":21,"column":4},"end":{"line":21,"column":53}},"13":{"start":{"line":22,"column":4},"end":{"line":26,"column":6}},"14":{"start":{"line":33,"column":0},"end":{"line":54,"column":2}},"15":{"start":{"line":34,"column":2},"end":{"line":53,"column":3}},"16":{"start":{"line":35,"column":23},"end":{"line":35,"column":52}},"17":{"start":{"line":37,"column":4},"end":{"line":40,"column":5}},"18":{"start":{"line":38,"column":19},"end":{"line":38,"column":41}},"19":{"start":{"line":39,"column":6},"end":{"line":39,"column":59}},"20":{"start":{"line":42,"column":17},"end":{"line":42,"column":48}},"21":{"start":{"line":43,"column":4},"end":{"line":43,"column":66}},"22":{"start":{"line":45,"column":4},"end":{"line":45,"column":57}},"23":{"start":{"line":47,"column":4},"end":{"line":47,"column":55}},"24":{"start":{"line":48,"column":4},"end":{"line":52,"column":6}},"25":{"start":{"line":59,"column":0},"end":{"line":78,"column":2}},"26":{"start":{"line":60,"column":17},"end":{"line":60,"column":27}},"27":{"start":{"line":62,"column":2},"end":{"line":77,"column":3}},"28":{"start":{"line":63,"column":17},"end":{"line":63,"column":51}},"29":{"start":{"line":65,"column":4},"end":{"line":67,"column":5}},"30":{"start":{"line":66,"column":6},"end":{"line":66,"column":77}},"31":{"start":{"line":69,"column":4},"end":{"line":69,"column":57}},"32":{"start":{"line":71,"column":4},"end":{"line":71,"column":59}},"33":{"start":{"line":72,"column":4},"end":{"line":76,"column":6}},"34":{"start":{"line":83,"column":0},"end":{"line":107,"column":2}},"35":{"start":{"line":84,"column":17},"end":{"line":84,"column":27}},"36":{"start":{"line":86,"column":2},"end":{"line":106,"column":3}},"37":{"start":{"line":87,"column":22},"end":{"line":87,"column":79}},"38":{"start":{"line":89,"column":4},"end":{"line":96,"column":5}},"39":{"start":{"line":90,"column":30},"end":{"line":90,"column":64}},"40":{"start":{"line":92,"column":25},"end":{"line":92,"column":56}},"41":{"start":{"line":93,"column":6},"end":{"line":93,"column":74}},"42":{"start":{"line":95,"column":6},"end":{"line":95,"column":70}},"43":{"start":{"line":98,"column":4},"end":{"line":98,"column":75}},"44":{"start":{"line":100,"column":4},"end":{"line":100,"column":53}},"45":{"start":{"line":101,"column":4},"end":{"line":105,"column":6}},"46":{"start":{"line":112,"column":0},"end":{"line":139,"column":2}},"47":{"start":{"line":113,"column":17},"end":{"line":113,"column":27}},"48":{"start":{"line":115,"column":2},"end":{"line":138,"column":3}},"49":{"start":{"line":116,"column":20},"end":{"line":116,"column":68}},"50":{"start":{"line":118,"column":4},"end":{"line":128,"column":5}},"51":{"start":{"line":119,"column":25},"end":{"line":119,"column":56}},"52":{"start":{"line":120,"column":6},"end":{"line":120,"column":74}},"53":{"start":{"line":122,"column":6},"end":{"line":127,"column":8}},"54":{"start":{"line":130,"column":4},"end":{"line":130,"column":75}},"55":{"start":{"line":132,"column":4},"end":{"line":132,"column":53}},"56":{"start":{"line":133,"column":4},"end":{"line":137,"column":6}}},"fnMap":{"0":{"name":"(anonymous_0)","decl":{"start":{"line":10,"column":17},"end":{"line":10,"column":18}},"loc":{"start":{"line":10,"column":37},"end":{"line":28,"column":1}},"line":10},"1":{"name":"(anonymous_1)","decl":{"start":{"line":33,"column":17},"end":{"line":33,"column":18}},"loc":{"start":{"line":33,"column":37},"end":{"line":54,"column":1}},"line":33},"2":{"name":"(anonymous_2)","decl":{"start":{"line":59,"column":18},"end":{"line":59,"column":19}},"loc":{"start":{"line":59,"column":38},"end":{"line":78,"column":1}},"line":59},"3":{"name":"(anonymous_3)","decl":{"start":{"line":83,"column":17},"end":{"line":83,"column":18}},"loc":{"start":{"line":83,"column":37},"end":{"line":107,"column":1}},"line":83},"4":{"name":"(anonymous_4)","decl":{"start":{"line":112,"column":17},"end":{"line":112,"column":18}},"loc":{"start":{"line":112,"column":37},"end":{"line":139,"column":1}},"line":112}},"branchMap":{"0":{"loc":{"start":{"line":25,"column":6},"end":{"line":25,"column":49}},"type":"binary-expr","locations":[{"start":{"line":25,"column":6},"end":{"line":25,"column":19}},{"start":{"line":25,"column":23},"end":{"line":25,"column":49}}],"line":25},"1":{"loc":{"start":{"line":37,"column":4},"end":{"line":40,"column":5}},"type":"if","locations":[{"start":{"line":37,"column":4},"end":{"line":40,"column":5}},{"start":{},"end":{}}],"line":37},"2":{"loc":{"start":{"line":51,"column":6},"end":{"line":51,"column":51}},"type":"binary-expr","locations":[{"start":{"line":51,"column":6},"end":{"line":51,"column":19}},{"start":{"line":51,"column":23},"end":{"line":51,"column":51}}],"line":51},"3":{"loc":{"start":{"line":65,"column":4},"end":{"line":67,"column":5}},"type":"if","locations":[{"start":{"line":65,"column":4},"end":{"line":67,"column":5}},{"start":{},"end":{}}],"line":65},"4":{"loc":{"start":{"line":75,"column":6},"end":{"line":75,"column":55}},"type":"binary-expr","locations":[{"start":{"line":75,"column":6},"end":{"line":75,"column":19}},{"start":{"line":75,"column":23},"end":{"line":75,"column":55}}],"line":75},"5":{"loc":{"start":{"line":89,"column":4},"end":{"line":96,"column":5}},"type":"if","locations":[{"start":{"line":89,"column":4},"end":{"line":96,"column":5}},{"start":{},"end":{}}],"line":89},"6":{"loc":{"start":{"line":104,"column":6},"end":{"line":104,"column":49}},"type":"binary-expr","locations":[{"start":{"line":104,"column":6},"end":{"line":104,"column":19}},{"start":{"line":104,"column":23},"end":{"line":104,"column":49}}],"line":104},"7":{"loc":{"start":{"line":118,"column":4},"end":{"line":128,"column":5}},"type":"if","locations":[{"start":{"line":118,"column":4},"end":{"line":128,"column":5}},{"start":{},"end":{}}],"line":118},"8":{"loc":{"start":{"line":136,"column":6},"end":{"line":136,"column":49}},"type":"binary-expr","locations":[{"start":{"line":136,"column":6},"end":{"line":136,"column":19}},{"start":{"line":136,"column":23},"end":{"line":136,"column":49}}],"line":136}},"s":{"0":1,"1":1,"2":1,"3":1,"4":1,"5":1,"6":0,"7":0,"8":0,"9":0,"10":0,"11":0,"12":0,"13":0,"14":1,"15":0,"16":0,"17":0,"18":0,"19":0,"20":0,"21":0,"22":0,"23":0,"24":0,"25":1,"26":0,"27":0,"28":0,"29":0,"30":0,"31":0,"32":0,"33":0,"34":1,"35":0,"36":0,"37":0,"38":0,"39":0,"40":0,"41":0,"42":0,"43":0,"44":0,"45":0,"46":1,"47":0,"48":0,"49":0,"50":0,"51":0,"52":0,"53":0,"54":0,"55":0,"56":0},"f":{"0":0,"1":0,"2":0,"3":0,"4":0},"b":{"0":[0,0],"1":[0,0],"2":[0,0],"3":[0,0],"4":[0,0],"5":[0,0],"6":[0,0],"7":[0,0],"8":[0,0]},"_coverageSchema":"1a1c01bbd47fc00a2c39e90264f33305004495a9","hash":"ee9e8460e0bd307c3939a4fda73de07feb9fbdb1"}
,"C:\\Users\\olfam\\OneDrive\\Documents\\ToDoListApp\\todoList_backend\\api\\v1.0\\categories\\Categories.model.js": {"path":"C:\\Users\\olfam\\OneDrive\\Documents\\ToDoListApp\\todoList_backend\\api\\v1.0\\categories\\Categories.model.js","statementMap":{"0":{"start":{"line":1,"column":13},"end":{"line":1,"column":30}},"1":{"start":{"line":4,"column":0},"end":{"line":48,"column":2}},"2":{"start":{"line":5,"column":23},"end":{"line":46,"column":5}},"3":{"start":{"line":19,"column":20},"end":{"line":21,"column":55}},"4":{"start":{"line":27,"column":20},"end":{"line":29,"column":55}},"5":{"start":{"line":47,"column":4},"end":{"line":47,"column":22}}},"fnMap":{"0":{"name":"(anonymous_0)","decl":{"start":{"line":4,"column":17},"end":{"line":4,"column":18}},"loc":{"start":{"line":4,"column":43},"end":{"line":48,"column":1}},"line":4},"1":{"name":"(anonymous_1)","decl":{"start":{"line":18,"column":16},"end":{"line":18,"column":17}},"loc":{"start":{"line":18,"column":22},"end":{"line":22,"column":17}},"line":18},"2":{"name":"(anonymous_2)","decl":{"start":{"line":26,"column":16},"end":{"line":26,"column":17}},"loc":{"start":{"line":26,"column":22},"end":{"line":30,"column":17}},"line":26}},"branchMap":{},"s":{"0":1,"1":1,"2":1,"3":0,"4":0,"5":1},"f":{"0":1,"1":0,"2":0},"b":{},"_coverageSchema":"1a1c01bbd47fc00a2c39e90264f33305004495a9","hash":"ba33647c6d90df2531f8f1e43750757437cb7509"}
,"C:\\Users\\olfam\\OneDrive\\Documents\\ToDoListApp\\todoList_backend\\api\\v1.0\\categories\\Categories.routes.js": {"path":"C:\\Users\\olfam\\OneDrive\\Documents\\ToDoListApp\\todoList_backend\\api\\v1.0\\categories\\Categories.routes.js","statementMap":{"0":{"start":{"line":1,"column":0},"end":{"line":15,"column":4}},"1":{"start":{"line":2,"column":26},"end":{"line":2,"column":61}},"2":{"start":{"line":3,"column":19},"end":{"line":3,"column":46}},"3":{"start":{"line":4,"column":27},"end":{"line":4,"column":69}},"4":{"start":{"line":7,"column":4},"end":{"line":7,"column":55}},"5":{"start":{"line":8,"column":4},"end":{"line":8,"column":54}},"6":{"start":{"line":9,"column":4},"end":{"line":9,"column":58}},"7":{"start":{"line":10,"column":4},"end":{"line":10,"column":59}},"8":{"start":{"line":11,"column":4},"end":{"line":11,"column":60}},"9":{"start":{"line":14,"column":4},"end":{"line":14,"column":35}}},"fnMap":{"0":{"name":"(anonymous_0)","decl":{"start":{"line":1,"column":17},"end":{"line":1,"column":18}},"loc":{"start":{"line":1,"column":26},"end":{"line":15,"column":3}},"line":1}},"branchMap":{},"s":{"0":1,"1":1,"2":1,"3":1,"4":1,"5":1,"6":1,"7":1,"8":1,"9":1},"f":{"0":1},"b":{},"_coverageSchema":"1a1c01bbd47fc00a2c39e90264f33305004495a9","hash":"ccf451ed53f7e3edf730674875d54544de81a6b1"}
,"C:\\Users\\olfam\\OneDrive\\Documents\\ToDoListApp\\todoList_backend\\api\\v1.0\\tasks\\Tasks.controllers.js": {"path":"C:\\Users\\olfam\\OneDrive\\Documents\\ToDoListApp\\todoList_backend\\api\\v1.0\\tasks\\Tasks.controllers.js","statementMap":{"0":{"start":{"line":1,"column":11},"end":{"line":1,"column":37}},"1":{"start":{"line":2,"column":24},"end":{"line":2,"column":32}},"2":{"start":{"line":3,"column":22},"end":{"line":3,"column":49}},"3":{"start":{"line":4,"column":33},"end":{"line":4,"column":72}},"4":{"start":{"line":5,"column":27},"end":{"line":5,"column":64}},"5":{"start":{"line":10,"column":0},"end":{"line":28,"column":2}},"6":{"start":{"line":11,"column":2},"end":{"line":27,"column":3}},"7":{"start":{"line":12,"column":17},"end":{"line":12,"column":55}},"8":{"start":{"line":15,"column":23},"end":{"line":15,"column":54}},"9":{"start":{"line":16,"column":4},"end":{"line":16,"column":67}},"10":{"start":{"line":18,"column":24},"end":{"line":18,"column":50}},"11":{"start":{"line":19,"column":4},"end":{"line":19,"column":64}},"12":{"start":{"line":21,"column":4},"end":{"line":21,"column":53}},"13":{"start":{"line":22,"column":4},"end":{"line":26,"column":6}},"14":{"start":{"line":33,"column":0},"end":{"line":54,"column":2}},"15":{"start":{"line":34,"column":2},"end":{"line":53,"column":3}},"16":{"start":{"line":35,"column":23},"end":{"line":35,"column":47}},"17":{"start":{"line":37,"column":4},"end":{"line":40,"column":5}},"18":{"start":{"line":38,"column":19},"end":{"line":38,"column":41}},"19":{"start":{"line":39,"column":6},"end":{"line":39,"column":59}},"20":{"start":{"line":42,"column":17},"end":{"line":42,"column":48}},"21":{"start":{"line":43,"column":4},"end":{"line":43,"column":61}},"22":{"start":{"line":45,"column":4},"end":{"line":45,"column":57}},"23":{"start":{"line":47,"column":4},"end":{"line":47,"column":50}},"24":{"start":{"line":48,"column":4},"end":{"line":52,"column":6}},"25":{"start":{"line":59,"column":0},"end":{"line":78,"column":2}},"26":{"start":{"line":60,"column":17},"end":{"line":60,"column":27}},"27":{"start":{"line":62,"column":2},"end":{"line":77,"column":3}},"28":{"start":{"line":63,"column":17},"end":{"line":63,"column":51}},"29":{"start":{"line":65,"column":4},"end":{"line":67,"column":5}},"30":{"start":{"line":66,"column":6},"end":{"line":66,"column":77}},"31":{"start":{"line":69,"column":4},"end":{"line":69,"column":57}},"32":{"start":{"line":71,"column":4},"end":{"line":71,"column":59}},"33":{"start":{"line":72,"column":4},"end":{"line":76,"column":6}},"34":{"start":{"line":83,"column":0},"end":{"line":107,"column":2}},"35":{"start":{"line":84,"column":17},"end":{"line":84,"column":27}},"36":{"start":{"line":86,"column":2},"end":{"line":106,"column":3}},"37":{"start":{"line":87,"column":22},"end":{"line":87,"column":79}},"38":{"start":{"line":89,"column":4},"end":{"line":96,"column":5}},"39":{"start":{"line":90,"column":30},"end":{"line":90,"column":64}},"40":{"start":{"line":92,"column":25},"end":{"line":92,"column":56}},"41":{"start":{"line":93,"column":6},"end":{"line":93,"column":69}},"42":{"start":{"line":95,"column":6},"end":{"line":95,"column":70}},"43":{"start":{"line":98,"column":4},"end":{"line":98,"column":75}},"44":{"start":{"line":100,"column":4},"end":{"line":100,"column":53}},"45":{"start":{"line":101,"column":4},"end":{"line":105,"column":6}},"46":{"start":{"line":112,"column":0},"end":{"line":139,"column":2}},"47":{"start":{"line":113,"column":17},"end":{"line":113,"column":27}},"48":{"start":{"line":115,"column":2},"end":{"line":138,"column":3}},"49":{"start":{"line":116,"column":20},"end":{"line":116,"column":68}},"50":{"start":{"line":118,"column":4},"end":{"line":128,"column":5}},"51":{"start":{"line":119,"column":25},"end":{"line":119,"column":56}},"52":{"start":{"line":120,"column":6},"end":{"line":120,"column":69}},"53":{"start":{"line":122,"column":6},"end":{"line":127,"column":8}},"54":{"start":{"line":130,"column":4},"end":{"line":130,"column":75}},"55":{"start":{"line":132,"column":4},"end":{"line":132,"column":53}},"56":{"start":{"line":133,"column":4},"end":{"line":137,"column":6}}},"fnMap":{"0":{"name":"(anonymous_0)","decl":{"start":{"line":10,"column":17},"end":{"line":10,"column":18}},"loc":{"start":{"line":10,"column":37},"end":{"line":28,"column":1}},"line":10},"1":{"name":"(anonymous_1)","decl":{"start":{"line":33,"column":17},"end":{"line":33,"column":18}},"loc":{"start":{"line":33,"column":37},"end":{"line":54,"column":1}},"line":33},"2":{"name":"(anonymous_2)","decl":{"start":{"line":59,"column":18},"end":{"line":59,"column":19}},"loc":{"start":{"line":59,"column":38},"end":{"line":78,"column":1}},"line":59},"3":{"name":"(anonymous_3)","decl":{"start":{"line":83,"column":17},"end":{"line":83,"column":18}},"loc":{"start":{"line":83,"column":37},"end":{"line":107,"column":1}},"line":83},"4":{"name":"(anonymous_4)","decl":{"start":{"line":112,"column":17},"end":{"line":112,"column":18}},"loc":{"start":{"line":112,"column":37},"end":{"line":139,"column":1}},"line":112}},"branchMap":{"0":{"loc":{"start":{"line":25,"column":6},"end":{"line":25,"column":49}},"type":"binary-expr","locations":[{"start":{"line":25,"column":6},"end":{"line":25,"column":19}},{"start":{"line":25,"column":23},"end":{"line":25,"column":49}}],"line":25},"1":{"loc":{"start":{"line":37,"column":4},"end":{"line":40,"column":5}},"type":"if","locations":[{"start":{"line":37,"column":4},"end":{"line":40,"column":5}},{"start":{},"end":{}}],"line":37},"2":{"loc":{"start":{"line":51,"column":6},"end":{"line":51,"column":46}},"type":"binary-expr","locations":[{"start":{"line":51,"column":6},"end":{"line":51,"column":19}},{"start":{"line":51,"column":23},"end":{"line":51,"column":46}}],"line":51},"3":{"loc":{"start":{"line":65,"column":4},"end":{"line":67,"column":5}},"type":"if","locations":[{"start":{"line":65,"column":4},"end":{"line":67,"column":5}},{"start":{},"end":{}}],"line":65},"4":{"loc":{"start":{"line":75,"column":6},"end":{"line":75,"column":55}},"type":"binary-expr","locations":[{"start":{"line":75,"column":6},"end":{"line":75,"column":19}},{"start":{"line":75,"column":23},"end":{"line":75,"column":55}}],"line":75},"5":{"loc":{"start":{"line":89,"column":4},"end":{"line":96,"column":5}},"type":"if","locations":[{"start":{"line":89,"column":4},"end":{"line":96,"column":5}},{"start":{},"end":{}}],"line":89},"6":{"loc":{"start":{"line":104,"column":6},"end":{"line":104,"column":49}},"type":"binary-expr","locations":[{"start":{"line":104,"column":6},"end":{"line":104,"column":19}},{"start":{"line":104,"column":23},"end":{"line":104,"column":49}}],"line":104},"7":{"loc":{"start":{"line":118,"column":4},"end":{"line":128,"column":5}},"type":"if","locations":[{"start":{"line":118,"column":4},"end":{"line":128,"column":5}},{"start":{},"end":{}}],"line":118},"8":{"loc":{"start":{"line":136,"column":6},"end":{"line":136,"column":49}},"type":"binary-expr","locations":[{"start":{"line":136,"column":6},"end":{"line":136,"column":19}},{"start":{"line":136,"column":23},"end":{"line":136,"column":49}}],"line":136}},"s":{"0":1,"1":1,"2":1,"3":1,"4":1,"5":1,"6":0,"7":0,"8":0,"9":0,"10":0,"11":0,"12":0,"13":0,"14":1,"15":0,"16":0,"17":0,"18":0,"19":0,"20":0,"21":0,"22":0,"23":0,"24":0,"25":1,"26":0,"27":0,"28":0,"29":0,"30":0,"31":0,"32":0,"33":0,"34":1,"35":0,"36":0,"37":0,"38":0,"39":0,"40":0,"41":0,"42":0,"43":0,"44":0,"45":0,"46":1,"47":0,"48":0,"49":0,"50":0,"51":0,"52":0,"53":0,"54":0,"55":0,"56":0},"f":{"0":0,"1":0,"2":0,"3":0,"4":0},"b":{"0":[0,0],"1":[0,0],"2":[0,0],"3":[0,0],"4":[0,0],"5":[0,0],"6":[0,0],"7":[0,0],"8":[0,0]},"_coverageSchema":"1a1c01bbd47fc00a2c39e90264f33305004495a9","hash":"c0a82bc9e3c259d386d8b53c651d223c05a87f9f"}
,"C:\\Users\\olfam\\OneDrive\\Documents\\ToDoListApp\\todoList_backend\\api\\v1.0\\tasks\\Tasks.model.js": {"path":"C:\\Users\\olfam\\OneDrive\\Documents\\ToDoListApp\\todoList_backend\\api\\v1.0\\tasks\\Tasks.model.js","statementMap":{"0":{"start":{"line":1,"column":13},"end":{"line":1,"column":30}},"1":{"start":{"line":4,"column":0},"end":{"line":68,"column":2}},"2":{"start":{"line":5,"column":18},"end":{"line":66,"column":5}},"3":{"start":{"line":39,"column":20},"end":{"line":41,"column":55}},"4":{"start":{"line":47,"column":20},"end":{"line":49,"column":55}},"5":{"start":{"line":67,"column":4},"end":{"line":67,"column":17}}},"fnMap":{"0":{"name":"(anonymous_0)","decl":{"start":{"line":4,"column":17},"end":{"line":4,"column":18}},"loc":{"start":{"line":4,"column":43},"end":{"line":68,"column":1}},"line":4},"1":{"name":"(anonymous_1)","decl":{"start":{"line":38,"column":16},"end":{"line":38,"column":17}},"loc":{"start":{"line":38,"column":22},"end":{"line":42,"column":17}},"line":38},"2":{"name":"(anonymous_2)","decl":{"start":{"line":46,"column":16},"end":{"line":46,"column":17}},"loc":{"start":{"line":46,"column":22},"end":{"line":50,"column":17}},"line":46}},"branchMap":{},"s":{"0":1,"1":1,"2":1,"3":0,"4":0,"5":1},"f":{"0":1,"1":0,"2":0},"b":{},"_coverageSchema":"1a1c01bbd47fc00a2c39e90264f33305004495a9","hash":"27203b88eef143d61068254222c1df6fd5a6f8a8"}
,"C:\\Users\\olfam\\OneDrive\\Documents\\ToDoListApp\\todoList_backend\\api\\v1.0\\tasks\\Tasks.routes.js": {"path":"C:\\Users\\olfam\\OneDrive\\Documents\\ToDoListApp\\todoList_backend\\api\\v1.0\\tasks\\Tasks.routes.js","statementMap":{"0":{"start":{"line":1,"column":0},"end":{"line":15,"column":2}},"1":{"start":{"line":2,"column":24},"end":{"line":2,"column":54}},"2":{"start":{"line":3,"column":17},"end":{"line":3,"column":44}},"3":{"start":{"line":4,"column":25},"end":{"line":4,"column":67}},"4":{"start":{"line":7,"column":2},"end":{"line":7,"column":53}},"5":{"start":{"line":8,"column":2},"end":{"line":8,"column":52}},"6":{"start":{"line":9,"column":2},"end":{"line":9,"column":56}},"7":{"start":{"line":10,"column":2},"end":{"line":10,"column":57}},"8":{"start":{"line":11,"column":2},"end":{"line":11,"column":58}},"9":{"start":{"line":14,"column":2},"end":{"line":14,"column":28}}},"fnMap":{"0":{"name":"(anonymous_0)","decl":{"start":{"line":1,"column":17},"end":{"line":1,"column":18}},"loc":{"start":{"line":1,"column":26},"end":{"line":15,"column":1}},"line":1}},"branchMap":{},"s":{"0":1,"1":1,"2":1,"3":1,"4":1,"5":1,"6":1,"7":1,"8":1,"9":1},"f":{"0":1},"b":{},"_coverageSchema":"1a1c01bbd47fc00a2c39e90264f33305004495a9","hash":"e9d96da444c82762bb5751a4bdd408b0c4ff0e93"}
,"C:\\Users\\olfam\\OneDrive\\Documents\\ToDoListApp\\todoList_backend\\api\\v1.0\\users\\User.controllers.js": {"path":"C:\\Users\\olfam\\OneDrive\\Documents\\ToDoListApp\\todoList_backend\\api\\v1.0\\users\\User.controllers.js","statementMap":{"0":{"start":{"line":1,"column":34},"end":{"line":1,"column":53}},"1":{"start":{"line":2,"column":12},"end":{"line":2,"column":35}},"2":{"start":{"line":3,"column":23},"end":{"line":3,"column":38}},"3":{"start":{"line":4,"column":11},"end":{"line":4,"column":37}},"4":{"start":{"line":5,"column":24},"end":{"line":5,"column":32}},"5":{"start":{"line":6,"column":22},"end":{"line":6,"column":49}},"6":{"start":{"line":7,"column":0},"end":{"line":7,"column":27}},"7":{"start":{"line":10,"column":19},"end":{"line":10,"column":45}},"8":{"start":{"line":15,"column":26},"end":{"line":19,"column":1}},"9":{"start":{"line":16,"column":2},"end":{"line":18,"column":3}},"10":{"start":{"line":17,"column":4},"end":{"line":17,"column":64}},"11":{"start":{"line":24,"column":27},"end":{"line":29,"column":1}},"12":{"start":{"line":25,"column":23},"end":{"line":25,"column":74}},"13":{"start":{"line":26,"column":2},"end":{"line":28,"column":3}},"14":{"start":{"line":27,"column":4},"end":{"line":27,"column":49}},"15":{"start":{"line":34,"column":21},"end":{"line":37,"column":1}},"16":{"start":{"line":35,"column":15},"end":{"line":35,"column":30}},"17":{"start":{"line":36,"column":2},"end":{"line":36,"column":34}},"18":{"start":{"line":42,"column":18},"end":{"line":46,"column":1}},"19":{"start":{"line":43,"column":2},"end":{"line":45,"column":5}},"20":{"start":{"line":51,"column":0},"end":{"line":103,"column":2}},"21":{"start":{"line":52,"column":2},"end":{"line":102,"column":3}},"22":{"start":{"line":53,"column":69},"end":{"line":53,"column":77}},"23":{"start":{"line":56,"column":4},"end":{"line":56,"column":39}},"24":{"start":{"line":59,"column":4},"end":{"line":59,"column":36}},"25":{"start":{"line":62,"column":27},"end":{"line":62,"column":49}},"26":{"start":{"line":65,"column":36},"end":{"line":65,"column":44}},"27":{"start":{"line":68,"column":17},"end":{"line":76,"column":5}},"28":{"start":{"line":79,"column":20},"end":{"line":79,"column":54}},"29":{"start":{"line":82,"column":18},"end":{"line":82,"column":36}},"30":{"start":{"line":85,"column":4},"end":{"line":85,"column":36}},"31":{"start":{"line":86,"column":4},"end":{"line":86,"column":74}},"32":{"start":{"line":89,"column":4},"end":{"line":94,"column":6}},"33":{"start":{"line":96,"column":4},"end":{"line":96,"column":25}},"34":{"start":{"line":97,"column":4},"end":{"line":101,"column":6}},"35":{"start":{"line":105,"column":0},"end":{"line":158,"column":2}},"36":{"start":{"line":106,"column":2},"end":{"line":157,"column":3}},"37":{"start":{"line":107,"column":32},"end":{"line":107,"column":40}},"38":{"start":{"line":110,"column":4},"end":{"line":116,"column":5}},"39":{"start":{"line":111,"column":6},"end":{"line":115,"column":8}},"40":{"start":{"line":119,"column":17},"end":{"line":119,"column":68}},"41":{"start":{"line":122,"column":4},"end":{"line":124,"column":5}},"42":{"start":{"line":123,"column":6},"end":{"line":123,"column":78}},"43":{"start":{"line":127,"column":28},"end":{"line":127,"column":64}},"44":{"start":{"line":130,"column":4},"end":{"line":149,"column":5}},"45":{"start":{"line":132,"column":6},"end":{"line":132,"column":32}},"46":{"start":{"line":135,"column":20},"end":{"line":139,"column":7}},"47":{"start":{"line":142,"column":6},"end":{"line":142,"column":70}},"48":{"start":{"line":144,"column":6},"end":{"line":148,"column":8}},"49":{"start":{"line":151,"column":4},"end":{"line":151,"column":25}},"50":{"start":{"line":152,"column":4},"end":{"line":156,"column":6}},"51":{"start":{"line":161,"column":27},"end":{"line":165,"column":1}},"52":{"start":{"line":162,"column":2},"end":{"line":164,"column":3}},"53":{"start":{"line":163,"column":4},"end":{"line":163,"column":58}},"54":{"start":{"line":168,"column":23},"end":{"line":174,"column":1}},"55":{"start":{"line":169,"column":15},"end":{"line":169,"column":66}},"56":{"start":{"line":170,"column":2},"end":{"line":172,"column":3}},"57":{"start":{"line":171,"column":4},"end":{"line":171,"column":47}},"58":{"start":{"line":173,"column":2},"end":{"line":173,"column":14}},"59":{"start":{"line":177,"column":25},"end":{"line":179,"column":1}},"60":{"start":{"line":178,"column":2},"end":{"line":178,"column":55}},"61":{"start":{"line":182,"column":25},"end":{"line":186,"column":1}},"62":{"start":{"line":183,"column":2},"end":{"line":185,"column":5}},"63":{"start":{"line":189,"column":27},"end":{"line":192,"column":1}},"64":{"start":{"line":190,"column":2},"end":{"line":190,"column":28}},"65":{"start":{"line":191,"column":2},"end":{"line":191,"column":14}},"66":{"start":{"line":195,"column":0},"end":{"line":234,"column":2}},"67":{"start":{"line":196,"column":2},"end":{"line":233,"column":3}},"68":{"start":{"line":197,"column":32},"end":{"line":197,"column":40}},"69":{"start":{"line":200,"column":4},"end":{"line":200,"column":44}},"70":{"start":{"line":203,"column":17},"end":{"line":203,"column":44}},"71":{"start":{"line":206,"column":28},"end":{"line":206,"column":69}},"72":{"start":{"line":207,"column":4},"end":{"line":213,"column":5}},"73":{"start":{"line":208,"column":6},"end":{"line":212,"column":8}},"74":{"start":{"line":216,"column":18},"end":{"line":216,"column":40}},"75":{"start":{"line":219,"column":26},"end":{"line":219,"column":50}},"76":{"start":{"line":222,"column":4},"end":{"line":225,"column":7}},"77":{"start":{"line":227,"column":4},"end":{"line":227,"column":25}},"78":{"start":{"line":228,"column":4},"end":{"line":232,"column":6}},"79":{"start":{"line":237,"column":0},"end":{"line":278,"column":2}},"80":{"start":{"line":238,"column":2},"end":{"line":277,"column":3}},"81":{"start":{"line":239,"column":19},"end":{"line":239,"column":27}},"82":{"start":{"line":242,"column":4},"end":{"line":244,"column":5}},"83":{"start":{"line":243,"column":6},"end":{"line":243,"column":69}},"84":{"start":{"line":247,"column":17},"end":{"line":247,"column":32}},"85":{"start":{"line":250,"column":4},"end":{"line":252,"column":5}},"86":{"start":{"line":251,"column":6},"end":{"line":251,"column":33}},"87":{"start":{"line":255,"column":27},"end":{"line":257,"column":6}},"88":{"start":{"line":260,"column":4},"end":{"line":268,"column":5}},"89":{"start":{"line":261,"column":6},"end":{"line":261,"column":59}},"90":{"start":{"line":263,"column":6},"end":{"line":267,"column":8}},"91":{"start":{"line":270,"column":4},"end":{"line":270,"column":25}},"92":{"start":{"line":271,"column":4},"end":{"line":276,"column":6}}},"fnMap":{"0":{"name":"(anonymous_0)","decl":{"start":{"line":15,"column":26},"end":{"line":15,"column":27}},"loc":{"start":{"line":15,"column":47},"end":{"line":19,"column":1}},"line":15},"1":{"name":"(anonymous_1)","decl":{"start":{"line":24,"column":27},"end":{"line":24,"column":28}},"loc":{"start":{"line":24,"column":44},"end":{"line":29,"column":1}},"line":24},"2":{"name":"(anonymous_2)","decl":{"start":{"line":34,"column":21},"end":{"line":34,"column":22}},"loc":{"start":{"line":34,"column":35},"end":{"line":37,"column":1}},"line":34},"3":{"name":"(anonymous_3)","decl":{"start":{"line":42,"column":18},"end":{"line":42,"column":19}},"loc":{"start":{"line":42,"column":28},"end":{"line":46,"column":1}},"line":42},"4":{"name":"(anonymous_4)","decl":{"start":{"line":51,"column":28},"end":{"line":51,"column":29}},"loc":{"start":{"line":51,"column":48},"end":{"line":103,"column":1}},"line":51},"5":{"name":"(anonymous_5)","decl":{"start":{"line":105,"column":21},"end":{"line":105,"column":22}},"loc":{"start":{"line":105,"column":41},"end":{"line":158,"column":1}},"line":105},"6":{"name":"(anonymous_6)","decl":{"start":{"line":161,"column":27},"end":{"line":161,"column":28}},"loc":{"start":{"line":161,"column":52},"end":{"line":165,"column":1}},"line":161},"7":{"name":"(anonymous_7)","decl":{"start":{"line":168,"column":23},"end":{"line":168,"column":24}},"loc":{"start":{"line":168,"column":40},"end":{"line":174,"column":1}},"line":168},"8":{"name":"(anonymous_8)","decl":{"start":{"line":177,"column":25},"end":{"line":177,"column":26}},"loc":{"start":{"line":177,"column":63},"end":{"line":179,"column":1}},"line":177},"9":{"name":"(anonymous_9)","decl":{"start":{"line":182,"column":25},"end":{"line":182,"column":26}},"loc":{"start":{"line":182,"column":35},"end":{"line":186,"column":1}},"line":182},"10":{"name":"(anonymous_10)","decl":{"start":{"line":189,"column":27},"end":{"line":189,"column":28}},"loc":{"start":{"line":189,"column":37},"end":{"line":192,"column":1}},"line":189},"11":{"name":"(anonymous_11)","decl":{"start":{"line":195,"column":21},"end":{"line":195,"column":22}},"loc":{"start":{"line":195,"column":41},"end":{"line":234,"column":1}},"line":195},"12":{"name":"(anonymous_12)","decl":{"start":{"line":237,"column":17},"end":{"line":237,"column":18}},"loc":{"start":{"line":237,"column":37},"end":{"line":278,"column":1}},"line":237}},"branchMap":{"0":{"loc":{"start":{"line":16,"column":2},"end":{"line":18,"column":3}},"type":"if","locations":[{"start":{"line":16,"column":2},"end":{"line":18,"column":3}},{"start":{},"end":{}}],"line":16},"1":{"loc":{"start":{"line":16,"column":6},"end":{"line":16,"column":25}},"type":"binary-expr","locations":[{"start":{"line":16,"column":6},"end":{"line":16,"column":12}},{"start":{"line":16,"column":16},"end":{"line":16,"column":25}}],"line":16},"2":{"loc":{"start":{"line":26,"column":2},"end":{"line":28,"column":3}},"type":"if","locations":[{"start":{"line":26,"column":2},"end":{"line":28,"column":3}},{"start":{},"end":{}}],"line":26},"3":{"loc":{"start":{"line":73,"column":13},"end":{"line":73,"column":42}},"type":"cond-expr","locations":[{"start":{"line":73,"column":24},"end":{"line":73,"column":37}},{"start":{"line":73,"column":40},"end":{"line":73,"column":42}}],"line":73},"4":{"loc":{"start":{"line":100,"column":6},"end":{"line":100,"column":71}},"type":"binary-expr","locations":[{"start":{"line":100,"column":6},"end":{"line":100,"column":19}},{"start":{"line":100,"column":23},"end":{"line":100,"column":71}}],"line":100},"5":{"loc":{"start":{"line":110,"column":4},"end":{"line":116,"column":5}},"type":"if","locations":[{"start":{"line":110,"column":4},"end":{"line":116,"column":5}},{"start":{},"end":{}}],"line":110},"6":{"loc":{"start":{"line":110,"column":8},"end":{"line":110,"column":27}},"type":"binary-expr","locations":[{"start":{"line":110,"column":8},"end":{"line":110,"column":14}},{"start":{"line":110,"column":18},"end":{"line":110,"column":27}}],"line":110},"7":{"loc":{"start":{"line":122,"column":4},"end":{"line":124,"column":5}},"type":"if","locations":[{"start":{"line":122,"column":4},"end":{"line":124,"column":5}},{"start":{},"end":{}}],"line":122},"8":{"loc":{"start":{"line":130,"column":4},"end":{"line":149,"column":5}},"type":"if","locations":[{"start":{"line":130,"column":4},"end":{"line":149,"column":5}},{"start":{"line":143,"column":11},"end":{"line":149,"column":5}}],"line":130},"9":{"loc":{"start":{"line":162,"column":2},"end":{"line":164,"column":3}},"type":"if","locations":[{"start":{"line":162,"column":2},"end":{"line":164,"column":3}},{"start":{},"end":{}}],"line":162},"10":{"loc":{"start":{"line":162,"column":6},"end":{"line":162,"column":25}},"type":"binary-expr","locations":[{"start":{"line":162,"column":6},"end":{"line":162,"column":12}},{"start":{"line":162,"column":16},"end":{"line":162,"column":25}}],"line":162},"11":{"loc":{"start":{"line":170,"column":2},"end":{"line":172,"column":3}},"type":"if","locations":[{"start":{"line":170,"column":2},"end":{"line":172,"column":3}},{"start":{},"end":{}}],"line":170},"12":{"loc":{"start":{"line":207,"column":4},"end":{"line":213,"column":5}},"type":"if","locations":[{"start":{"line":207,"column":4},"end":{"line":213,"column":5}},{"start":{},"end":{}}],"line":207},"13":{"loc":{"start":{"line":231,"column":6},"end":{"line":231,"column":70}},"type":"binary-expr","locations":[{"start":{"line":231,"column":6},"end":{"line":231,"column":19}},{"start":{"line":231,"column":23},"end":{"line":231,"column":70}}],"line":231},"14":{"loc":{"start":{"line":242,"column":4},"end":{"line":244,"column":5}},"type":"if","locations":[{"start":{"line":242,"column":4},"end":{"line":244,"column":5}},{"start":{},"end":{}}],"line":242},"15":{"loc":{"start":{"line":250,"column":4},"end":{"line":252,"column":5}},"type":"if","locations":[{"start":{"line":250,"column":4},"end":{"line":252,"column":5}},{"start":{},"end":{}}],"line":250},"16":{"loc":{"start":{"line":260,"column":4},"end":{"line":268,"column":5}},"type":"if","locations":[{"start":{"line":260,"column":4},"end":{"line":268,"column":5}},{"start":{"line":262,"column":11},"end":{"line":268,"column":5}}],"line":260},"17":{"loc":{"start":{"line":274,"column":6},"end":{"line":275,"column":72}},"type":"binary-expr","locations":[{"start":{"line":274,"column":6},"end":{"line":274,"column":19}},{"start":{"line":275,"column":8},"end":{"line":275,"column":72}}],"line":274}},"s":{"0":1,"1":1,"2":1,"3":1,"4":1,"5":1,"6":1,"7":1,"8":1,"9":0,"10":0,"11":1,"12":0,"13":0,"14":0,"15":1,"16":0,"17":0,"18":1,"19":0,"20":1,"21":0,"22":0,"23":0,"24":0,"25":0,"26":0,"27":0,"28":0,"29":0,"30":0,"31":0,"32":0,"33":0,"34":0,"35":1,"36":0,"37":0,"38":0,"39":0,"40":0,"41":0,"42":0,"43":0,"44":0,"45":0,"46":0,"47":0,"48":0,"49":0,"50":0,"51":1,"52":0,"53":0,"54":1,"55":0,"56":0,"57":0,"58":0,"59":1,"60":0,"61":1,"62":0,"63":1,"64":0,"65":0,"66":1,"67":0,"68":0,"69":0,"70":0,"71":0,"72":0,"73":0,"74":0,"75":0,"76":0,"77":0,"78":0,"79":1,"80":0,"81":0,"82":0,"83":0,"84":0,"85":0,"86":0,"87":0,"88":0,"89":0,"90":0,"91":0,"92":0},"f":{"0":0,"1":0,"2":0,"3":0,"4":0,"5":0,"6":0,"7":0,"8":0,"9":0,"10":0,"11":0,"12":0},"b":{"0":[0,0],"1":[0,0],"2":[0,0],"3":[0,0],"4":[0,0],"5":[0,0],"6":[0,0],"7":[0,0],"8":[0,0],"9":[0,0],"10":[0,0],"11":[0,0],"12":[0,0],"13":[0,0],"14":[0,0],"15":[0,0],"16":[0,0],"17":[0,0]},"_coverageSchema":"1a1c01bbd47fc00a2c39e90264f33305004495a9","hash":"20a8c3d2352225ef26067c7bbc71b99a087b150b"}
,"C:\\Users\\olfam\\OneDrive\\Documents\\ToDoListApp\\todoList_backend\\api\\v1.0\\users\\User.model.js": {"path":"C:\\Users\\olfam\\OneDrive\\Documents\\ToDoListApp\\todoList_backend\\api\\v1.0\\users\\User.model.js","statementMap":{"0":{"start":{"line":1,"column":15},"end":{"line":1,"column":32}},"1":{"start":{"line":3,"column":0},"end":{"line":64,"column":2}},"2":{"start":{"line":4,"column":15},"end":{"line":61,"column":3}},"3":{"start":{"line":36,"column":10},"end":{"line":38,"column":43}},"4":{"start":{"line":44,"column":10},"end":{"line":46,"column":43}},"5":{"start":{"line":63,"column":2},"end":{"line":63,"column":14}}},"fnMap":{"0":{"name":"(anonymous_0)","decl":{"start":{"line":3,"column":17},"end":{"line":3,"column":18}},"loc":{"start":{"line":3,"column":43},"end":{"line":64,"column":1}},"line":3},"1":{"name":"(anonymous_1)","decl":{"start":{"line":35,"column":8},"end":{"line":35,"column":9}},"loc":{"start":{"line":35,"column":14},"end":{"line":39,"column":9}},"line":35},"2":{"name":"(anonymous_2)","decl":{"start":{"line":43,"column":8},"end":{"line":43,"column":9}},"loc":{"start":{"line":43,"column":14},"end":{"line":47,"column":9}},"line":43}},"branchMap":{},"s":{"0":1,"1":1,"2":1,"3":0,"4":0,"5":1},"f":{"0":1,"1":0,"2":0},"b":{},"_coverageSchema":"1a1c01bbd47fc00a2c39e90264f33305004495a9","hash":"d2d460ed62b4440dc52ab4551324fef2b1e9848d"}
,"C:\\Users\\olfam\\OneDrive\\Documents\\ToDoListApp\\todoList_backend\\api\\v1.0\\users\\User.routes.js": {"path":"C:\\Users\\olfam\\OneDrive\\Documents\\ToDoListApp\\todoList_backend\\api\\v1.0\\users\\User.routes.js","statementMap":{"0":{"start":{"line":1,"column":16},"end":{"line":1,"column":34}},"1":{"start":{"line":2,"column":22},"end":{"line":2,"column":51}},"2":{"start":{"line":3,"column":23},"end":{"line":3,"column":65}},"3":{"start":{"line":4,"column":17},"end":{"line":4,"column":54}},"4":{"start":{"line":6,"column":0},"end":{"line":30,"column":2}},"5":{"start":{"line":7,"column":17},"end":{"line":7,"column":33}},"6":{"start":{"line":10,"column":2},"end":{"line":14,"column":4}},"7":{"start":{"line":16,"column":2},"end":{"line":19,"column":4}},"8":{"start":{"line":21,"column":2},"end":{"line":26,"column":4}},"9":{"start":{"line":29,"column":2},"end":{"line":29,"column":28}}},"fnMap":{"0":{"name":"(anonymous_0)","decl":{"start":{"line":6,"column":17},"end":{"line":6,"column":18}},"loc":{"start":{"line":6,"column":26},"end":{"line":30,"column":1}},"line":6}},"branchMap":{},"s":{"0":1,"1":1,"2":1,"3":1,"4":1,"5":1,"6":1,"7":1,"8":1,"9":1},"f":{"0":1},"b":{},"_coverageSchema":"1a1c01bbd47fc00a2c39e90264f33305004495a9","hash":"9a1086b6f8f3d94906119a8037a68fb0da42806a"}
,"C:\\Users\\olfam\\OneDrive\\Documents\\ToDoListApp\\todoList_backend\\config\\db.config.js": {"path":"C:\\Users\\olfam\\OneDrive\\Documents\\ToDoListApp\\todoList_backend\\config\\db.config.js","statementMap":{"0":{"start":{"line":1,"column":17},"end":{"line":1,"column":39}},"1":{"start":{"line":2,"column":18},"end":{"line":2,"column":38}},"2":{"start":{"line":3,"column":0},"end":{"line":3,"column":27}},"3":{"start":{"line":6,"column":18},"end":{"line":36,"column":1}},"4":{"start":{"line":23,"column":8},"end":{"line":25,"column":9}},"5":{"start":{"line":24,"column":10},"end":{"line":24,"column":32}},"6":{"start":{"line":26,"column":8},"end":{"line":26,"column":22}},"7":{"start":{"line":37,"column":0},"end":{"line":37,"column":27}}},"fnMap":{"0":{"name":"(anonymous_0)","decl":{"start":{"line":21,"column":16},"end":{"line":21,"column":17}},"loc":{"start":{"line":21,"column":39},"end":{"line":27,"column":7}},"line":21}},"branchMap":{"0":{"loc":{"start":{"line":23,"column":8},"end":{"line":25,"column":9}},"type":"if","locations":[{"start":{"line":23,"column":8},"end":{"line":25,"column":9}},{"start":{},"end":{}}],"line":23}},"s":{"0":1,"1":1,"2":1,"3":1,"4":0,"5":0,"6":0,"7":1},"f":{"0":0},"b":{"0":[0,0]},"_coverageSchema":"1a1c01bbd47fc00a2c39e90264f33305004495a9","hash":"494f7f5f363c296c216db938f3d6d909322c6aaa"}
,"C:\\Users\\olfam\\OneDrive\\Documents\\ToDoListApp\\todoList_backend\\config\\db.params.js": {"path":"C:\\Users\\olfam\\OneDrive\\Documents\\ToDoListApp\\todoList_backend\\config\\db.params.js","statementMap":{"0":{"start":{"line":2,"column":0},"end":{"line":10,"column":2}}},"fnMap":{},"branchMap":{},"s":{"0":1},"f":{},"b":{},"_coverageSchema":"1a1c01bbd47fc00a2c39e90264f33305004495a9","hash":"598fcc237e713db97db411c35b8372b1936459c6"}
,"C:\\Users\\olfam\\OneDrive\\Documents\\ToDoListApp\\todoList_backend\\config\\redis-client.js": {"path":"C:\\Users\\olfam\\OneDrive\\Documents\\ToDoListApp\\todoList_backend\\config\\redis-client.js","statementMap":{"0":{"start":{"line":1,"column":14},"end":{"line":1,"column":30}},"1":{"start":{"line":2,"column":22},"end":{"line":2,"column":37}},"2":{"start":{"line":5,"column":20},"end":{"line":9,"column":2}},"3":{"start":{"line":12,"column":0},"end":{"line":14,"column":3}},"4":{"start":{"line":13,"column":2},"end":{"line":13,"column":48}},"5":{"start":{"line":16,"column":0},"end":{"line":18,"column":3}},"6":{"start":{"line":17,"column":2},"end":{"line":17,"column":46}},"7":{"start":{"line":20,"column":0},"end":{"line":22,"column":3}},"8":{"start":{"line":21,"column":2},"end":{"line":21,"column":46}},"9":{"start":{"line":24,"column":0},"end":{"line":26,"column":3}},"10":{"start":{"line":25,"column":2},"end":{"line":25,"column":56}},"11":{"start":{"line":28,"column":0},"end":{"line":30,"column":3}},"12":{"start":{"line":29,"column":2},"end":{"line":29,"column":44}},"13":{"start":{"line":33,"column":18},"end":{"line":33,"column":62}},"14":{"start":{"line":34,"column":18},"end":{"line":34,"column":62}},"15":{"start":{"line":37,"column":0},"end":{"line":41,"column":2}}},"fnMap":{"0":{"name":"(anonymous_0)","decl":{"start":{"line":12,"column":24},"end":{"line":12,"column":25}},"loc":{"start":{"line":12,"column":30},"end":{"line":14,"column":1}},"line":12},"1":{"name":"(anonymous_1)","decl":{"start":{"line":16,"column":24},"end":{"line":16,"column":25}},"loc":{"start":{"line":16,"column":33},"end":{"line":18,"column":1}},"line":16},"2":{"name":"(anonymous_2)","decl":{"start":{"line":20,"column":26},"end":{"line":20,"column":27}},"loc":{"start":{"line":20,"column":32},"end":{"line":22,"column":1}},"line":20},"3":{"name":"(anonymous_3)","decl":{"start":{"line":24,"column":31},"end":{"line":24,"column":32}},"loc":{"start":{"line":24,"column":37},"end":{"line":26,"column":1}},"line":24},"4":{"name":"(anonymous_4)","decl":{"start":{"line":28,"column":22},"end":{"line":28,"column":23}},"loc":{"start":{"line":28,"column":28},"end":{"line":30,"column":1}},"line":28}},"branchMap":{"0":{"loc":{"start":{"line":6,"column":8},"end":{"line":6,"column":45}},"type":"binary-expr","locations":[{"start":{"line":6,"column":8},"end":{"line":6,"column":30}},{"start":{"line":6,"column":34},"end":{"line":6,"column":45}}],"line":6},"1":{"loc":{"start":{"line":7,"column":8},"end":{"line":7,"column":38}},"type":"binary-expr","locations":[{"start":{"line":7,"column":8},"end":{"line":7,"column":30}},{"start":{"line":7,"column":34},"end":{"line":7,"column":38}}],"line":7},"2":{"loc":{"start":{"line":8,"column":12},"end":{"line":8,"column":51}},"type":"binary-expr","locations":[{"start":{"line":8,"column":12},"end":{"line":8,"column":38}},{"start":{"line":8,"column":42},"end":{"line":8,"column":51}}],"line":8}},"s":{"0":1,"1":1,"2":1,"3":1,"4":0,"5":1,"6":0,"7":1,"8":0,"9":1,"10":0,"11":1,"12":0,"13":1,"14":1,"15":1},"f":{"0":0,"1":0,"2":0,"3":0,"4":0},"b":{"0":[1,1],"1":[1,1],"2":[1,1]},"_coverageSchema":"1a1c01bbd47fc00a2c39e90264f33305004495a9","hash":"4b1e14005ee7ef15922ea749ab8e38c7e17cc7de"}
,"C:\\Users\\olfam\\OneDrive\\Documents\\ToDoListApp\\todoList_backend\\helpers\\index.js": {"path":"C:\\Users\\olfam\\OneDrive\\Documents\\ToDoListApp\\todoList_backend\\helpers\\index.js","statementMap":{"0":{"start":{"line":2,"column":0},"end":{"line":7,"column":5}},"1":{"start":{"line":3,"column":2},"end":{"line":7,"column":4}},"2":{"start":{"line":9,"column":0},"end":{"line":15,"column":5}},"3":{"start":{"line":10,"column":2},"end":{"line":15,"column":4}},"4":{"start":{"line":18,"column":0},"end":{"line":31,"column":5}},"5":{"start":{"line":25,"column":2},"end":{"line":31,"column":4}},"6":{"start":{"line":35,"column":0},"end":{"line":48,"column":5}},"7":{"start":{"line":42,"column":2},"end":{"line":48,"column":4}},"8":{"start":{"line":52,"column":0},"end":{"line":65,"column":5}},"9":{"start":{"line":59,"column":2},"end":{"line":65,"column":4}}},"fnMap":{"0":{"name":"(anonymous_0)","decl":{"start":{"line":2,"column":26},"end":{"line":2,"column":27}},"loc":{"start":{"line":3,"column":2},"end":{"line":7,"column":4}},"line":3},"1":{"name":"(anonymous_1)","decl":{"start":{"line":9,"column":37},"end":{"line":9,"column":38}},"loc":{"start":{"line":10,"column":2},"end":{"line":15,"column":4}},"line":10},"2":{"name":"(anonymous_2)","decl":{"start":{"line":18,"column":24},"end":{"line":18,"column":25}},"loc":{"start":{"line":25,"column":2},"end":{"line":31,"column":4}},"line":25},"3":{"name":"(anonymous_3)","decl":{"start":{"line":35,"column":31},"end":{"line":35,"column":32}},"loc":{"start":{"line":42,"column":2},"end":{"line":48,"column":4}},"line":42},"4":{"name":"(anonymous_4)","decl":{"start":{"line":52,"column":27},"end":{"line":52,"column":28}},"loc":{"start":{"line":59,"column":2},"end":{"line":65,"column":4}},"line":59}},"branchMap":{"0":{"loc":{"start":{"line":2,"column":43},"end":{"line":2,"column":53}},"type":"default-arg","locations":[{"start":{"line":2,"column":50},"end":{"line":2,"column":53}}],"line":2},"1":{"loc":{"start":{"line":9,"column":63},"end":{"line":9,"column":73}},"type":"default-arg","locations":[{"start":{"line":9,"column":70},"end":{"line":9,"column":73}}],"line":9},"2":{"loc":{"start":{"line":21,"column":2},"end":{"line":21,"column":39}},"type":"default-arg","locations":[{"start":{"line":21,"column":17},"end":{"line":21,"column":39}}],"line":21},"3":{"loc":{"start":{"line":22,"column":2},"end":{"line":22,"column":12}},"type":"default-arg","locations":[{"start":{"line":22,"column":9},"end":{"line":22,"column":12}}],"line":22},"4":{"loc":{"start":{"line":23,"column":2},"end":{"line":23,"column":12}},"type":"default-arg","locations":[{"start":{"line":23,"column":10},"end":{"line":23,"column":12}}],"line":23},"5":{"loc":{"start":{"line":38,"column":2},"end":{"line":38,"column":39}},"type":"default-arg","locations":[{"start":{"line":38,"column":17},"end":{"line":38,"column":39}}],"line":38},"6":{"loc":{"start":{"line":39,"column":2},"end":{"line":39,"column":12}},"type":"default-arg","locations":[{"start":{"line":39,"column":9},"end":{"line":39,"column":12}}],"line":39},"7":{"loc":{"start":{"line":40,"column":2},"end":{"line":40,"column":12}},"type":"default-arg","locations":[{"start":{"line":40,"column":10},"end":{"line":40,"column":12}}],"line":40},"8":{"loc":{"start":{"line":55,"column":2},"end":{"line":55,"column":39}},"type":"default-arg","locations":[{"start":{"line":55,"column":17},"end":{"line":55,"column":39}}],"line":55},"9":{"loc":{"start":{"line":56,"column":2},"end":{"line":56,"column":12}},"type":"default-arg","locations":[{"start":{"line":56,"column":9},"end":{"line":56,"column":12}}],"line":56},"10":{"loc":{"start":{"line":57,"column":2},"end":{"line":57,"column":12}},"type":"default-arg","locations":[{"start":{"line":57,"column":10},"end":{"line":57,"column":12}}],"line":57}},"s":{"0":1,"1":0,"2":1,"3":0,"4":1,"5":0,"6":1,"7":0,"8":1,"9":0},"f":{"0":0,"1":0,"2":0,"3":0,"4":0},"b":{"0":[0],"1":[0],"2":[0],"3":[0],"4":[0],"5":[0],"6":[0],"7":[0],"8":[0],"9":[0],"10":[0]},"_coverageSchema":"1a1c01bbd47fc00a2c39e90264f33305004495a9","hash":"7af398400bb5339393f7ebf76aa805c06c970789"}
,"C:\\Users\\olfam\\OneDrive\\Documents\\ToDoListApp\\todoList_backend\\middleware\\multer.js": {"path":"C:\\Users\\olfam\\OneDrive\\Documents\\ToDoListApp\\todoList_backend\\middleware\\multer.js","statementMap":{"0":{"start":{"line":1,"column":15},"end":{"line":1,"column":32}},"1":{"start":{"line":3,"column":16},"end":{"line":12,"column":2}},"2":{"start":{"line":5,"column":4},"end":{"line":5,"column":27}},"3":{"start":{"line":8,"column":16},"end":{"line":8,"column":40}},"4":{"start":{"line":9,"column":17},"end":{"line":9,"column":39}},"5":{"start":{"line":10,"column":4},"end":{"line":10,"column":39}},"6":{"start":{"line":13,"column":18},"end":{"line":13,"column":46}},"7":{"start":{"line":14,"column":0},"end":{"line":14,"column":30}}},"fnMap":{"0":{"name":"(anonymous_0)","decl":{"start":{"line":4,"column":15},"end":{"line":4,"column":16}},"loc":{"start":{"line":4,"column":40},"end":{"line":6,"column":3}},"line":4},"1":{"name":"(anonymous_1)","decl":{"start":{"line":7,"column":12},"end":{"line":7,"column":13}},"loc":{"start":{"line":7,"column":37},"end":{"line":11,"column":3}},"line":7}},"branchMap":{},"s":{"0":1,"1":1,"2":0,"3":0,"4":0,"5":0,"6":1,"7":1},"f":{"0":0,"1":0},"b":{},"_coverageSchema":"1a1c01bbd47fc00a2c39e90264f33305004495a9","hash":"0105cf9de24060e09c701d24dc1082467ccf1081"}
,"C:\\Users\\olfam\\OneDrive\\Documents\\ToDoListApp\\todoList_backend\\models\\index.js": {"path":"C:\\Users\\olfam\\OneDrive\\Documents\\ToDoListApp\\todoList_backend\\models\\index.js","statementMap":{"0":{"start":{"line":4,"column":18},"end":{"line":4,"column":38}},"1":{"start":{"line":5,"column":18},"end":{"line":5,"column":48}},"2":{"start":{"line":8,"column":11},"end":{"line":8,"column":13}},"3":{"start":{"line":11,"column":0},"end":{"line":11,"column":25}},"4":{"start":{"line":12,"column":0},"end":{"line":12,"column":25}},"5":{"start":{"line":15,"column":0},"end":{"line":15,"column":73}},"6":{"start":{"line":16,"column":0},"end":{"line":16,"column":89}},"7":{"start":{"line":17,"column":0},"end":{"line":17,"column":74}},"8":{"start":{"line":22,"column":0},"end":{"line":22,"column":67}},"9":{"start":{"line":25,"column":0},"end":{"line":25,"column":77}},"10":{"start":{"line":28,"column":0},"end":{"line":28,"column":68}},"11":{"start":{"line":31,"column":0},"end":{"line":31,"column":82}},"12":{"start":{"line":34,"column":0},"end":{"line":34,"column":20}}},"fnMap":{},"branchMap":{},"s":{"0":1,"1":1,"2":1,"3":1,"4":1,"5":1,"6":1,"7":1,"8":1,"9":1,"10":1,"11":1,"12":1},"f":{},"b":{},"_coverageSchema":"1a1c01bbd47fc00a2c39e90264f33305004495a9","hash":"fac9d436524e9043fd9e5ae9a4bdcaeb0af4c420"}
,"C:\\Users\\olfam\\OneDrive\\Documents\\ToDoListApp\\todoList_backend\\routes\\index.js": {"path":"C:\\Users\\olfam\\OneDrive\\Documents\\ToDoListApp\\todoList_backend\\routes\\index.js","statementMap":{"0":{"start":{"line":4,"column":16},"end":{"line":4,"column":34}},"1":{"start":{"line":5,"column":15},"end":{"line":5,"column":31}},"2":{"start":{"line":8,"column":0},"end":{"line":8,"column":49}},"3":{"start":{"line":9,"column":0},"end":{"line":9,"column":50}},"4":{"start":{"line":10,"column":0},"end":{"line":10,"column":60}},"5":{"start":{"line":13,"column":0},"end":{"line":15,"column":3}},"6":{"start":{"line":14,"column":2},"end":{"line":14,"column":52}},"7":{"start":{"line":18,"column":0},"end":{"line":18,"column":24}}},"fnMap":{"0":{"name":"(anonymous_0)","decl":{"start":{"line":13,"column":16},"end":{"line":13,"column":17}},"loc":{"start":{"line":13,"column":30},"end":{"line":15,"column":1}},"line":13}},"branchMap":{},"s":{"0":1,"1":1,"2":1,"3":1,"4":1,"5":1,"6":0,"7":1},"f":{"0":0},"b":{},"_coverageSchema":"1a1c01bbd47fc00a2c39e90264f33305004495a9","hash":"aaf13a306480e8f44c98518c0a55db24025d597a"}
,"C:\\Users\\olfam\\OneDrive\\Documents\\ToDoListApp\\todoList_backend\\utils\\PlainObject.js": {"path":"C:\\Users\\olfam\\OneDrive\\Documents\\ToDoListApp\\todoList_backend\\utils\\PlainObject.js","statementMap":{"0":{"start":{"line":2,"column":0},"end":{"line":6,"column":2}},"1":{"start":{"line":3,"column":19},"end":{"line":3,"column":39}},"2":{"start":{"line":4,"column":12},"end":{"line":4,"column":34}},"3":{"start":{"line":5,"column":2},"end":{"line":5,"column":13}}},"fnMap":{"0":{"name":"(anonymous_0)","decl":{"start":{"line":2,"column":25},"end":{"line":2,"column":26}},"loc":{"start":{"line":2,"column":41},"end":{"line":6,"column":1}},"line":2}},"branchMap":{},"s":{"0":1,"1":0,"2":0,"3":0},"f":{"0":0},"b":{},"_coverageSchema":"1a1c01bbd47fc00a2c39e90264f33305004495a9","hash":"79597163ab859638b53e3871a213dd765e6a6133"}
,"C:\\Users\\olfam\\OneDrive\\Documents\\ToDoListApp\\todoList_backend\\utils\\TokenValidations.js": {"path":"C:\\Users\\olfam\\OneDrive\\Documents\\ToDoListApp\\todoList_backend\\utils\\TokenValidations.js","statementMap":{"0":{"start":{"line":1,"column":19},"end":{"line":1,"column":42}},"1":{"start":{"line":2,"column":22},"end":{"line":2,"column":43}},"2":{"start":{"line":3,"column":0},"end":{"line":3,"column":27}},"3":{"start":{"line":6,"column":0},"end":{"line":22,"column":2}},"4":{"start":{"line":8,"column":16},"end":{"line":8,"column":40}},"5":{"start":{"line":9,"column":4},"end":{"line":20,"column":5}},"6":{"start":{"line":10,"column":6},"end":{"line":10,"column":29}},"7":{"start":{"line":11,"column":6},"end":{"line":17,"column":9}},"8":{"start":{"line":12,"column":8},"end":{"line":16,"column":9}},"9":{"start":{"line":13,"column":10},"end":{"line":13,"column":79}},"10":{"start":{"line":15,"column":10},"end":{"line":15,"column":17}},"11":{"start":{"line":19,"column":6},"end":{"line":19,"column":95}}},"fnMap":{"0":{"name":"(anonymous_0)","decl":{"start":{"line":7,"column":14},"end":{"line":7,"column":15}},"loc":{"start":{"line":7,"column":34},"end":{"line":21,"column":3}},"line":7},"1":{"name":"(anonymous_1)","decl":{"start":{"line":11,"column":44},"end":{"line":11,"column":45}},"loc":{"start":{"line":11,"column":62},"end":{"line":17,"column":7}},"line":11}},"branchMap":{"0":{"loc":{"start":{"line":9,"column":4},"end":{"line":20,"column":5}},"type":"if","locations":[{"start":{"line":9,"column":4},"end":{"line":20,"column":5}},{"start":{"line":18,"column":11},"end":{"line":20,"column":5}}],"line":9},"1":{"loc":{"start":{"line":12,"column":8},"end":{"line":16,"column":9}},"type":"if","locations":[{"start":{"line":12,"column":8},"end":{"line":16,"column":9}},{"start":{"line":14,"column":15},"end":{"line":16,"column":9}}],"line":12}},"s":{"0":1,"1":1,"2":1,"3":1,"4":0,"5":0,"6":0,"7":0,"8":0,"9":0,"10":0,"11":0},"f":{"0":0,"1":0},"b":{"0":[0,0],"1":[0,0]},"_coverageSchema":"1a1c01bbd47fc00a2c39e90264f33305004495a9","hash":"0b3d12b158ccf55048f13d06907af23707043ac9"}
}
